[0524/150609:INFO:CONSOLE(0)] "app router initialize," source: file:///C:/Users/wangzhihui/AppData/Roaming/Adobe/CEPServiceManager4/extensions/cutterman/js/cutterman.js(10)
[0524/150626:INFO:CONSOLE(0)] "PNG," source: file:///C:/Users/wangzhihui/AppData/Roaming/Adobe/CEPServiceManager4/extensions/cutterman/js/cutterman.js(516)
[0524/150626:INFO:CONSOLE(0)] "{"samefile":"cover","androidCurrentDpi":"不设置","iosCurrentDpi":"不设置","androidDpi":{"XXXHDPI":"1440","XXHDPI":"1080","XHDPI":"720","HDPI":"540","MDPI":"360"},"iosDpi":{"3X":"960","2X":"640","1X":"320"},"format":"PNG-24","quality":"PNG-24","output":"~/Desktop/%E6%AD%A3%E4%B8%9C%E6%98%A0%E5%83%8F/Work/images","merge":true,"target":["web"],"bounds":[0,0]}," source: file:///C:/Users/wangzhihui/AppData/Roaming/Adobe/CEPServiceManager4/extensions/cutterman/js/cutterman.js(523)
[0524/150627:INFO:CONSOLE(0)] "XMLHttpRequest cannot load http://www.cutterman.cn/rank/submit. Origin null is not allowed by Access-Control-Allow-Origin.," source: (0)
[0524/150638:INFO:CONSOLE(0)] "PNG," source: file:///C:/Users/wangzhihui/AppData/Roaming/Adobe/CEPServiceManager4/extensions/cutterman/js/cutterman.js(516)
[0524/150638:INFO:CONSOLE(0)] "{"samefile":"cover","androidCurrentDpi":"不设置","iosCurrentDpi":"不设置","androidDpi":{"XXXHDPI":"1440","XXHDPI":"1080","XHDPI":"720","HDPI":"540","MDPI":"360"},"iosDpi":{"3X":"960","2X":"640","1X":"320"},"format":"PNG-24","quality":"PNG-24","output":"~/Desktop/%E6%AD%A3%E4%B8%9C%E6%98%A0%E5%83%8F/Work/images","merge":true,"target":["web"],"bounds":[0,0]}," source: file:///C:/Users/wangzhihui/AppData/Roaming/Adobe/CEPServiceManager4/extensions/cutterman/js/cutterman.js(523)
[0524/150639:INFO:CONSOLE(0)] "XMLHttpRequest cannot load http://www.cutterman.cn/rank/submit. Origin null is not allowed by Access-Control-Allow-Origin.," source: (0)
[1010/114314:INFO:CONSOLE(0)] "app router initialize," source: file:///C:/Users/wangzhihui/AppData/Roaming/Adobe/CEPServiceManager4/extensions/cutterman/js/cutterman.js(10)
[1010/114322:INFO:CONSOLE(0)] "PNG," source: file:///C:/Users/wangzhihui/AppData/Roaming/Adobe/CEPServiceManager4/extensions/cutterman/js/cutterman.js(516)
[1010/114322:INFO:CONSOLE(0)] "{"samefile":"cover","androidCurrentDpi":"不设置","iosCurrentDpi":"不设置","androidDpi":{"XXXHDPI":"1440","XXHDPI":"1080","XHDPI":"720","HDPI":"540","MDPI":"360"},"iosDpi":{"3X":"960","2X":"640","1X":"320"},"format":"PNG-24","quality":"PNG-24","output":"~/Desktop","merge":true,"target":["web"],"bounds":[0,0]}," source: file:///C:/Users/wangzhihui/AppData/Roaming/Adobe/CEPServiceManager4/extensions/cutterman/js/cutterman.js(523)
[1010/114323:INFO:CONSOLE(0)] "XMLHttpRequest cannot load http://www.cutterman.cn/rank/submit. Origin null is not allowed by Access-Control-Allow-Origin.," source: (0)
[1010/114539:INFO:CONSOLE(0)] "PNG," source: file:///C:/Users/wangzhihui/AppData/Roaming/Adobe/CEPServiceManager4/extensions/cutterman/js/cutterman.js(516)
[1010/114539:INFO:CONSOLE(0)] "{"samefile":"cover","androidCurrentDpi":"不设置","iosCurrentDpi":"不设置","androidDpi":{"XXXHDPI":"1440","XXHDPI":"1080","XHDPI":"720","HDPI":"540","MDPI":"360"},"iosDpi":{"3X":"960","2X":"640","1X":"320"},"format":"PNG-24","quality":"PNG-24","output":"~/Desktop/%E6%AD%A3%E4%B8%9C%E6%98%A0%E5%83%8F/Work/images/Previous","merge":true,"target":["web"],"bounds":[0,0]}," source: file:///C:/Users/wangzhihui/AppData/Roaming/Adobe/CEPServiceManager4/extensions/cutterman/js/cutterman.js(523)
[1010/114541:INFO:CONSOLE(0)] "XMLHttpRequest cannot load http://www.cutterman.cn/rank/submit. Origin null is not allowed by Access-Control-Allow-Origin.," source: (0)
[1010/114749:INFO:CONSOLE(0)] "PNG," source: file:///C:/Users/wangzhihui/AppData/Roaming/Adobe/CEPServiceManager4/extensions/cutterman/js/cutterman.js(516)
[1010/114749:INFO:CONSOLE(0)] "{"samefile":"cover","androidCurrentDpi":"不设置","iosCurrentDpi":"不设置","androidDpi":{"XXXHDPI":"1440","XXHDPI":"1080","XHDPI":"720","HDPI":"540","MDPI":"360"},"iosDpi":{"3X":"960","2X":"640","1X":"320"},"format":"PNG-24","quality":"PNG-24","output":"~/Desktop/%E6%AD%A3%E4%B8%9C%E6%98%A0%E5%83%8F/Work/images/Previous","merge":true,"target":["web"],"bounds":[0,0]}," source: file:///C:/Users/wangzhihui/AppData/Roaming/Adobe/CEPServiceManager4/extensions/cutterman/js/cutterman.js(523)
[1010/114751:INFO:CONSOLE(0)] "XMLHttpRequest cannot load http://www.cutterman.cn/rank/submit. Origin null is not allowed by Access-Control-Allow-Origin.," source: (0)
[1010/140331:INFO:CONSOLE(0)] "PNG," source: file:///C:/Users/wangzhihui/AppData/Roaming/Adobe/CEPServiceManager4/extensions/cutterman/js/cutterman.js(516)
[1010/140331:INFO:CONSOLE(0)] "{"samefile":"cover","androidCurrentDpi":"不设置","iosCurrentDpi":"不设置","androidDpi":{"XXXHDPI":"1440","XXHDPI":"1080","XHDPI":"720","HDPI":"540","MDPI":"360"},"iosDpi":{"3X":"960","2X":"640","1X":"320"},"format":"PNG-24","quality":"PNG-24","output":"~/Desktop/%E6%AD%A3%E4%B8%9C%E6%98%A0%E5%83%8F/Work/images/Late","merge":true,"target":["web"],"bounds":[0,0]}," source: file:///C:/Users/wangzhihui/AppData/Roaming/Adobe/CEPServiceManager4/extensions/cutterman/js/cutterman.js(523)
[1010/140332:INFO:CONSOLE(0)] "XMLHttpRequest cannot load http://www.cutterman.cn/rank/submit. Origin null is not allowed by Access-Control-Allow-Origin.," source: (0)
[1010/140412:INFO:CONSOLE(0)] "JPEG," source: file:///C:/Users/wangzhihui/AppData/Roaming/Adobe/CEPServiceManager4/extensions/cutterman/js/cutterman.js(516)
[1010/140412:INFO:CONSOLE(0)] "{"samefile":"cover","androidCurrentDpi":"不设置","iosCurrentDpi":"不设置","androidDpi":{"XXXHDPI":"1440","XXHDPI":"1080","XHDPI":"720","HDPI":"540","MDPI":"360"},"iosDpi":{"3X":"960","2X":"640","1X":"320"},"format":"JPEG","quality":100,"output":"~/Desktop/%E6%AD%A3%E4%B8%9C%E6%98%A0%E5%83%8F/Work/images/Late","merge":true,"target":["web"],"bounds":[0,0]}," source: file:///C:/Users/wangzhihui/AppData/Roaming/Adobe/CEPServiceManager4/extensions/cutterman/js/cutterman.js(523)
[1010/140413:INFO:CONSOLE(0)] "XMLHttpRequest cannot load http://www.cutterman.cn/rank/submit. Origin null is not allowed by Access-Control-Allow-Origin.," source: (0)
[1010/140417:INFO:CONSOLE(0)] "JPEG," source: file:///C:/Users/wangzhihui/AppData/Roaming/Adobe/CEPServiceManager4/extensions/cutterman/js/cutterman.js(516)
[1010/140417:INFO:CONSOLE(0)] "{"samefile":"cover","androidCurrentDpi":"不设置","iosCurrentDpi":"不设置","androidDpi":{"XXXHDPI":"1440","XXHDPI":"1080","XHDPI":"720","HDPI":"540","MDPI":"360"},"iosDpi":{"3X":"960","2X":"640","1X":"320"},"format":"JPEG","quality":100,"output":"~/Desktop/%E6%AD%A3%E4%B8%9C%E6%98%A0%E5%83%8F/Work/images/Late","merge":true,"target":["web"],"bounds":[0,0]}," source: file:///C:/Users/wangzhihui/AppData/Roaming/Adobe/CEPServiceManager4/extensions/cutterman/js/cutterman.js(523)
[1010/140418:INFO:CONSOLE(0)] "XMLHttpRequest cannot load http://www.cutterman.cn/rank/submit. Origin null is not allowed by Access-Control-Allow-Origin.," source: (0)
[1010/140501:INFO:CONSOLE(0)] "JPEG," source: file:///C:/Users/wangzhihui/AppData/Roaming/Adobe/CEPServiceManager4/extensions/cutterman/js/cutterman.js(516)
[1010/140501:INFO:CONSOLE(0)] "{"samefile":"cover","androidCurrentDpi":"不设置","iosCurrentDpi":"不设置","androidDpi":{"XXXHDPI":"1440","XXHDPI":"1080","XHDPI":"720","HDPI":"540","MDPI":"360"},"iosDpi":{"3X":"960","2X":"640","1X":"320"},"format":"JPEG","quality":100,"output":"~/Desktop/%E6%AD%A3%E4%B8%9C%E6%98%A0%E5%83%8F/Work/images/Late","merge":true,"target":["web"],"bounds":[0,0]}," source: file:///C:/Users/wangzhihui/AppData/Roaming/Adobe/CEPServiceManager4/extensions/cutterman/js/cutterman.js(523)
[1010/140503:INFO:CONSOLE(0)] "XMLHttpRequest cannot load http://www.cutterman.cn/rank/submit. Origin null is not allowed by Access-Control-Allow-Origin.," source: (0)
[1010/142721:INFO:CONSOLE(0)] "JPEG," source: file:///C:/Users/wangzhihui/AppData/Roaming/Adobe/CEPServiceManager4/extensions/cutterman/js/cutterman.js(516)
[1010/142721:INFO:CONSOLE(0)] "{"samefile":"cover","androidCurrentDpi":"不设置","iosCurrentDpi":"不设置","androidDpi":{"XXXHDPI":"1440","XXHDPI":"1080","XHDPI":"720","HDPI":"540","MDPI":"360"},"iosDpi":{"3X":"960","2X":"640","1X":"320"},"format":"JPEG","quality":100,"output":"~/Desktop/%E6%AD%A3%E4%B8%9C%E6%98%A0%E5%83%8F/Work/images","merge":true,"target":["web"],"bounds":[0,0]}," source: file:///C:/Users/wangzhihui/AppData/Roaming/Adobe/CEPServiceManager4/extensions/cutterman/js/cutterman.js(523)
[1010/142723:INFO:CONSOLE(0)] "XMLHttpRequest cannot load http://www.cutterman.cn/rank/submit. Origin null is not allowed by Access-Control-Allow-Origin.," source: (0)
[1010/142800:INFO:CONSOLE(0)] "JPEG," source: file:///C:/Users/wangzhihui/AppData/Roaming/Adobe/CEPServiceManager4/extensions/cutterman/js/cutterman.js(516)
[1010/142800:INFO:CONSOLE(0)] "{"samefile":"cover","androidCurrentDpi":"不设置","iosCurrentDpi":"不设置","androidDpi":{"XXXHDPI":"1440","XXHDPI":"1080","XHDPI":"720","HDPI":"540","MDPI":"360"},"iosDpi":{"3X":"960","2X":"640","1X":"320"},"format":"JPEG","quality":100,"output":"~/Desktop/%E6%AD%A3%E4%B8%9C%E6%98%A0%E5%83%8F/Work/images","merge":true,"target":["web"],"bounds":[0,0]}," source: file:///C:/Users/wangzhihui/AppData/Roaming/Adobe/CEPServiceManager4/extensions/cutterman/js/cutterman.js(523)
[1010/142801:INFO:CONSOLE(0)] "XMLHttpRequest cannot load http://www.cutterman.cn/rank/submit. Origin null is not allowed by Access-Control-Allow-Origin.," source: (0)
[1010/143115:INFO:CONSOLE(0)] "JPEG," source: file:///C:/Users/wangzhihui/AppData/Roaming/Adobe/CEPServiceManager4/extensions/cutterman/js/cutterman.js(516)
[1010/143115:INFO:CONSOLE(0)] "{"samefile":"cover","androidCurrentDpi":"不设置","iosCurrentDpi":"不设置","androidDpi":{"XXXHDPI":"1440","XXHDPI":"1080","XHDPI":"720","HDPI":"540","MDPI":"360"},"iosDpi":{"3X":"960","2X":"640","1X":"320"},"format":"JPEG","quality":100,"output":"~/Desktop/%E6%AD%A3%E4%B8%9C%E6%98%A0%E5%83%8F/About/images","merge":true,"target":["web"],"bounds":[0,0]}," source: file:///C:/Users/wangzhihui/AppData/Roaming/Adobe/CEPServiceManager4/extensions/cutterman/js/cutterman.js(523)
[1010/143134:INFO:CONSOLE(0)] "XMLHttpRequest cannot load http://www.cutterman.cn/rank/submit. Origin null is not allowed by Access-Control-Allow-Origin.," source: (0)
[1010/150809:INFO:CONSOLE(0)] "JPEG," source: file:///C:/Users/wangzhihui/AppData/Roaming/Adobe/CEPServiceManager4/extensions/cutterman/js/cutterman.js(516)
[1010/150809:INFO:CONSOLE(0)] "{"samefile":"cover","androidCurrentDpi":"不设置","iosCurrentDpi":"不设置","androidDpi":{"XXXHDPI":"1440","XXHDPI":"1080","XHDPI":"720","HDPI":"540","MDPI":"360"},"iosDpi":{"3X":"960","2X":"640","1X":"320"},"format":"JPEG","quality":100,"output":"~/Desktop/%E6%AD%A3%E4%B8%9C%E6%98%A0%E5%83%8F/LatePage/ChildPages/Huangxiaochu/images","merge":true,"target":["web"],"bounds":[0,0]}," source: file:///C:/Users/wangzhihui/AppData/Roaming/Adobe/CEPServiceManager4/extensions/cutterman/js/cutterman.js(523)
[1010/150818:INFO:CONSOLE(0)] "XMLHttpRequest cannot load http://www.cutterman.cn/rank/submit. Origin null is not allowed by Access-Control-Allow-Origin.," source: (0)
[1010/151002:INFO:CONSOLE(0)] "PNG," source: file:///C:/Users/wangzhihui/AppData/Roaming/Adobe/CEPServiceManager4/extensions/cutterman/js/cutterman.js(516)
[1010/151002:INFO:CONSOLE(0)] "{"samefile":"cover","androidCurrentDpi":"不设置","iosCurrentDpi":"不设置","androidDpi":{"XXXHDPI":"1440","XXHDPI":"1080","XHDPI":"720","HDPI":"540","MDPI":"360"},"iosDpi":{"3X":"960","2X":"640","1X":"320"},"format":"PNG-24","quality":"PNG-24","output":"~/Desktop/%E6%AD%A3%E4%B8%9C%E6%98%A0%E5%83%8F/LatePage/ChildPages/Huangxiaochu/images","merge":true,"target":["web"],"bounds":[0,0]}," source: file:///C:/Users/wangzhihui/AppData/Roaming/Adobe/CEPServiceManager4/extensions/cutterman/js/cutterman.js(523)
[1010/151006:INFO:CONSOLE(0)] "XMLHttpRequest cannot load http://www.cutterman.cn/rank/submit. Origin null is not allowed by Access-Control-Allow-Origin.," source: (0)
[1010/151103:INFO:CONSOLE(0)] "PNG," source: file:///C:/Users/wangzhihui/AppData/Roaming/Adobe/CEPServiceManager4/extensions/cutterman/js/cutterman.js(516)
[1010/151103:INFO:CONSOLE(0)] "{"samefile":"cover","androidCurrentDpi":"不设置","iosCurrentDpi":"不设置","androidDpi":{"XXXHDPI":"1440","XXHDPI":"1080","XHDPI":"720","HDPI":"540","MDPI":"360"},"iosDpi":{"3X":"960","2X":"640","1X":"320"},"format":"PNG-24","quality":"PNG-24","output":"~/Desktop/%E6%AD%A3%E4%B8%9C%E6%98%A0%E5%83%8F/LatePage/ChildPages/Huangxiaochu/images","merge":true,"target":["web"],"bounds":[0,0]}," source: file:///C:/Users/wangzhihui/AppData/Roaming/Adobe/CEPServiceManager4/extensions/cutterman/js/cutterman.js(523)
[1010/151104:INFO:CONSOLE(0)] "XMLHttpRequest cannot load http://www.cutterman.cn/rank/submit. Origin null is not allowed by Access-Control-Allow-Origin.," source: (0)
